2026-05-01T03:58:32.528046Z DEBUG cpal_wasapi_out audio_engine::generators::synth: [synth] voices: 0 → 1 (-1 removed this buffer)
2026-05-01T03:58:32.686454Z TRACE cpal_wasapi_out audio_engine::generators::synth: [voice] 196.00 Hz: attack→decay
2026-05-01T03:58:32.745716Z DEBUG cpal_wasapi_out audio_engine::generators::synth: [voice] 196.00 Hz: decay→sustain (envelope=0.900)
2026-05-01T03:58:32.745910Z DEBUG cpal_wasapi_out audio_engine::generators::synth: [voice] 196.00 Hz: sustain→release (timer expired)
2026-05-01T03:58:33.027205Z DEBUG cpal_wasapi_out audio_engine::generators::synth: [voice] 196.00 Hz: release→finished
2026-05-01T03:58:33.106182Z TRACE cpal_wasapi_out audio_engine::generators::synth: [voice] 220.00 Hz: attack→decay
2026-05-01T03:58:33.136991Z DEBUG cpal_wasapi_out audio_engine::generators::synth: [voice] 220.00 Hz: decay→sustain (envelope=0.900)
2026-05-01T03:58:33.137642Z DEBUG cpal_wasapi_out audio_engine::generators::synth: [voice] 220.00 Hz: sustain→release (timer expired)
2026-05-01T03:58:33.276351Z DEBUG cpal_wasapi_out audio_engine::generators::synth: [voice] 220.00 Hz: release→finished
2026-05-01T03:58:33.357967Z TRACE cpal_wasapi_out audio_engine::generators::synth: [voice] 246.94 Hz: attack→decay
2026-05-01T03:58:33.385704Z DEBUG cpal_wasapi_out audio_engine::generators::synth: [voice] 246.94 Hz: decay→sustain (envelope=0.900)
2026-05-01T03:58:33.387157Z DEBUG cpal_wasapi_out audio_engine::generators::synth: [voice] 246.94 Hz: sustain→release (timer expired)
2026-05-01T03:58:33.526949Z DEBUG cpal_wasapi_out audio_engine::generators::synth: [voice] 246.94 Hz: release→finished
2026-05-01T03:58:33.606144Z TRACE cpal_wasapi_out audio_engine::generators::synth: [voice] 261.63 Hz: attack→decay
2026-05-01T03:58:33.637308Z DEBUG cpal_wasapi_out audio_engine::generators::synth: [voice] 261.63 Hz: decay→sustain (envelope=0.900)
2026-05-01T03:58:33.637802Z DEBUG cpal_wasapi_out audio_engine::generators::synth: [voice] 261.63 Hz: sustain→release (timer expired)
2026-05-01T03:58:33.777204Z DEBUG cpal_wasapi_out audio_engine::generators::synth: [voice] 261.63 Hz: release→finished
2026-05-01T03:58:33.856565Z TRACE cpal_wasapi_out audio_engine::generators::synth: [voice] 293.66 Hz: attack→decay
2026-05-01T03:58:33.888228Z DEBUG cpal_wasapi_out audio_engine::generators::synth: [voice] 293.66 Hz: decay→sustain (envelope=0.900)
2026-05-01T03:58:33.889919Z DEBUG cpal_wasapi_out audio_engine::generators::synth: [voice] 293.66 Hz: sustain→release (timer expired)
2026-05-01T03:58:34.026522Z DEBUG cpal_wasapi_out audio_engine::generators::synth: [voice] 293.66 Hz: release→finished
2026-05-01T03:58:34.107395Z TRACE cpal_wasapi_out audio_engine::generators::synth: [voice] 329.63 Hz: attack→decay
2026-05-01T03:58:34.135707Z DEBUG cpal_wasapi_out audio_engine::generators::synth: [voice] 329.63 Hz: decay→sustain (envelope=0.900)
2026-05-01T03:58:34.138120Z DEBUG cpal_wasapi_out audio_engine::generators::synth: [voice] 329.63 Hz: sustain→release (timer expired)
2026-05-01T03:58:34.277770Z DEBUG cpal_wasapi_out audio_engine::generators::synth: [voice] 329.63 Hz: release→finished
2026-05-01T03:58:34.357360Z TRACE cpal_wasapi_out audio_engine::generators::synth: [voice] 369.99 Hz: attack→decay
2026-05-01T03:58:34.386411Z DEBUG cpal_wasapi_out audio_engine::generators::synth: [voice] 369.99 Hz: decay→sustain (envelope=0.900)
2026-05-01T03:58:34.386947Z DEBUG cpal_wasapi_out audio_engine::generators::synth: [voice] 369.99 Hz: sustain→release (timer expired)
2026-05-01T03:58:34.527525Z DEBUG cpal_wasapi_out audio_engine::generators::synth: [voice] 369.99 Hz: release→finished
2026-05-01T03:58:34.687330Z TRACE cpal_wasapi_out audio_engine::generators::synth: [voice] 392.00 Hz: attack→decay
2026-05-01T03:58:34.748062Z DEBUG cpal_wasapi_out audio_engine::generators::synth: [voice] 392.00 Hz: decay→sustain (envelope=0.900)
2026-05-01T03:58:34.748373Z DEBUG cpal_wasapi_out audio_engine::generators::synth: [voice] 392.00 Hz: sustain→release (timer expired)
2026-05-01T03:58:35.026266Z DEBUG cpal_wasapi_out audio_engine::generators::synth: [voice] 392.00 Hz: release→finished
2026-05-01T03:58:35.027148Z DEBUG cpal_wasapi_out audio_engine::generators::synth: [synth] voices: 1 → 0 (1 removed this buffer)
2026-05-01T03:58:35.037504Z DEBUG cpal_wasapi_out audio_engine::generators::synth: [synth] voices: 0 → 1 (-1 removed this buffer)
2026-05-01T03:58:35.116133Z TRACE cpal_wasapi_out audio_engine::generators::synth: [voice] 440.00 Hz: attack→decay
2026-05-01T03:58:35.146637Z DEBUG cpal_wasapi_out audio_engine::generators::synth: [voice] 440.00 Hz: decay→sustain (envelope=0.900)
2026-05-01T03:58:35.146903Z DEBUG cpal_wasapi_out audio_engine::generators::synth: [voice] 440.00 Hz: sustain→release (timer expired)
2026-05-01T03:58:35.285870Z DEBUG cpal_wasapi_out audio_engine::generators::synth: [voice] 440.00 Hz: release→finished
2026-05-01T03:58:35.366036Z TRACE cpal_wasapi_out audio_engine::generators::synth: [voice] 493.88 Hz: attack→decay
2026-05-01T03:58:35.396271Z DEBUG cpal_wasapi_out audio_engine::generators::synth: [voice] 493.88 Hz: decay→sustain (envelope=0.900)
2026-05-01T03:58:35.396814Z DEBUG cpal_wasapi_out audio_engine::generators::synth: [voice] 493.88 Hz: sustain→release (timer expired)
2026-05-01T03:58:35.537178Z DEBUG cpal_wasapi_out audio_engine::generators::synth: [voice] 493.88 Hz: release→finished
2026-05-01T03:58:35.617180Z TRACE cpal_wasapi_out audio_engine::generators::synth: [voice] 523.25 Hz: attack→decay
2026-05-01T03:58:35.646203Z DEBUG cpal_wasapi_out audio_engine::generators::synth: [voice] 523.25 Hz: decay→sustain (envelope=0.900)
2026-05-01T03:58:35.646574Z DEBUG cpal_wasapi_out audio_engine::generators::synth: [voice] 523.25 Hz: sustain→release (timer expired)
2026-05-01T03:58:35.788176Z DEBUG cpal_wasapi_out audio_engine::generators::synth: [voice] 523.25 Hz: release→finished
2026-05-01T03:58:35.866546Z TRACE cpal_wasapi_out audio_engine::generators::synth: [voice] 587.33 Hz: attack→decay
2026-05-01T03:58:35.897059Z DEBUG cpal_wasapi_out audio_engine::generators::synth: [voice] 587.33 Hz: decay→sustain (envelope=0.900)
2026-05-01T03:58:35.897518Z DEBUG cpal_wasapi_out audio_engine::generators::synth: [voice] 587.33 Hz: sustain→release (timer expired)
2026-05-01T03:58:36.037289Z DEBUG cpal_wasapi_out audio_engine::generators::synth: [voice] 587.33 Hz: release→finished
2026-05-01T03:58:36.116667Z TRACE cpal_wasapi_out audio_engine::generators::synth: [voice] 659.26 Hz: attack→decay
2026-05-01T03:58:36.147124Z DEBUG cpal_wasapi_out audio_engine::generators::synth: [voice] 659.26 Hz: decay→sustain (envelope=0.900)
2026-05-01T03:58:36.147781Z DEBUG cpal_wasapi_out audio_engine::generators::synth: [voice] 659.26 Hz: sustain→release (timer expired)
2026-05-01T03:58:36.287208Z DEBUG cpal_wasapi_out audio_engine::generators::synth: [voice] 659.26 Hz: release→finished
2026-05-01T03:58:36.368367Z TRACE cpal_wasapi_out audio_engine::generators::synth: [voice] 739.99 Hz: attack→decay
2026-05-01T03:58:36.397494Z DEBUG cpal_wasapi_out audio_engine::generators::synth: [voice] 739.99 Hz: decay→sustain (envelope=0.900)
2026-05-01T03:58:36.398384Z DEBUG cpal_wasapi_out audio_engine::generators::synth: [voice] 739.99 Hz: sustain→release (timer expired)
2026-05-01T03:58:36.537834Z DEBUG cpal_wasapi_out audio_engine::generators::synth: [voice] 739.99 Hz: release→finished
2026-05-01T03:58:36.697510Z TRACE cpal_wasapi_out audio_engine::generators::synth: [voice] 783.99 Hz: attack→decay
2026-05-01T03:58:36.756119Z DEBUG cpal_wasapi_out audio_engine::generators::synth: [voice] 783.99 Hz: decay→sustain (envelope=0.900)
2026-05-01T03:58:36.756579Z DEBUG cpal_wasapi_out audio_engine::generators::synth: [voice] 783.99 Hz: sustain→release (timer expired)
2026-05-01T03:58:37.036853Z DEBUG cpal_wasapi_out audio_engine::generators::synth: [voice] 783.99 Hz: release→finished
2026-05-01T03:58:37.116108Z TRACE cpal_wasapi_out audio_engine::generators::synth: [voice] 739.99 Hz: attack→decay
2026-05-01T03:58:37.146359Z DEBUG cpal_wasapi_out audio_engine::generators::synth: [voice] 739.99 Hz: decay→sustain (envelope=0.900)
2026-05-01T03:58:37.146920Z DEBUG cpal_wasapi_out audio_engine::generators::synth: [voice] 739.99 Hz: sustain→release (timer expired)
2026-05-01T03:58:37.286678Z DEBUG cpal_wasapi_out audio_engine::generators::synth: [voice] 739.99 Hz: release→finished
2026-05-01T03:58:37.367207Z TRACE cpal_wasapi_out audio_engine::generators::synth: [voice] 659.26 Hz: attack→decay
2026-05-01T03:58:37.396394Z DEBUG cpal_wasapi_out audio_engine::generators::synth: [voice] 659.26 Hz: decay→sustain (envelope=0.900)
2026-05-01T03:58:37.397326Z DEBUG cpal_wasapi_out audio_engine::generators::synth: [voice] 659.26 Hz: sustain→release (timer expired)
2026-05-01T03:58:37.537947Z DEBUG cpal_wasapi_out audio_engine::generators::synth: [voice] 659.26 Hz: release→finished
2026-05-01T03:58:37.616794Z TRACE cpal_wasapi_out audio_engine::generators::synth: [voice] 587.33 Hz: attack→decay
2026-05-01T03:58:37.646786Z DEBUG cpal_wasapi_out audio_engine::generators::synth: [voice] 587.33 Hz: decay→sustain (envelope=0.900)
2026-05-01T03:58:37.647420Z DEBUG cpal_wasapi_out audio_engine::generators::synth: [voice] 587.33 Hz: sustain→release (timer expired)
2026-05-01T03:58:37.785792Z DEBUG cpal_wasapi_out audio_engine::generators::synth: [voice] 587.33 Hz: release→finished
2026-05-01T03:58:37.865760Z TRACE cpal_wasapi_out audio_engine::generators::synth: [voice] 523.25 Hz: attack→decay
2026-05-01T03:58:37.896995Z DEBUG cpal_wasapi_out audio_engine::generators::synth: [voice] 523.25 Hz: decay→sustain (envelope=0.900)
2026-05-01T03:58:37.897219Z DEBUG cpal_wasapi_out audio_engine::generators::synth: [voice] 523.25 Hz: sustain→release (timer expired)
2026-05-01T03:58:38.037137Z DEBUG cpal_wasapi_out audio_engine::generators::synth: [voice] 523.25 Hz: release→finished
2026-05-01T03:58:38.117428Z TRACE cpal_wasapi_out audio_engine::generators::synth: [voice] 493.88 Hz: attack→decay
2026-05-01T03:58:38.146096Z DEBUG cpal_wasapi_out audio_engine::generators::synth: [voice] 493.88 Hz: decay→sustain (envelope=0.900)
2026-05-01T03:58:38.146642Z DEBUG cpal_wasapi_out audio_engine::generators::synth: [voice] 493.88 Hz: sustain→release (timer expired)
2026-05-01T03:58:38.286922Z DEBUG cpal_wasapi_out audio_engine::generators::synth: [voice] 493.88 Hz: release→finished
2026-05-01T03:58:38.368121Z TRACE cpal_wasapi_out audio_engine::generators::synth: [voice] 440.00 Hz: attack→decay
2026-05-01T03:58:38.396146Z DEBUG cpal_wasapi_out audio_engine::generators::synth: [voice] 440.00 Hz: decay→sustain (envelope=0.900)
2026-05-01T03:58:38.398261Z DEBUG cpal_wasapi_out audio_engine::generators::synth: [voice] 440.00 Hz: sustain→release (timer expired)
2026-05-01T03:58:38.537599Z DEBUG cpal_wasapi_out audio_engine::generators::synth: [voice] 440.00 Hz: release→finished
2026-05-01T03:58:38.697196Z TRACE cpal_wasapi_out audio_engine::generators::synth: [voice] 392.00 Hz: attack→decay
2026-05-01T03:58:38.758112Z DEBUG cpal_wasapi_out audio_engine::generators::synth: [voice] 392.00 Hz: decay→sustain (envelope=0.900)
2026-05-01T03:58:38.758334Z DEBUG cpal_wasapi_out audio_engine::generators::synth: [voice] 392.00 Hz: sustain→release (timer expired)
2026-05-01T03:58:39.037068Z DEBUG cpal_wasapi_out audio_engine::generators::synth: [voice] 392.00 Hz: release→finished
2026-05-01T03:58:39.118562Z TRACE cpal_wasapi_out audio_engine::generators::synth: [voice] 369.99 Hz: attack→decay
2026-05-01T03:58:39.147014Z DEBUG cpal_wasapi_out audio_engine::generators::synth: [voice] 369.99 Hz: decay→sustain (envelope=0.900)
2026-05-01T03:58:39.147678Z DEBUG cpal_wasapi_out audio_engine::generators::synth: [voice] 369.99 Hz: sustain→release (timer expired)
2026-05-01T03:58:39.288354Z DEBUG cpal_wasapi_out audio_engine::generators::synth: [voice] 369.99 Hz: release→finished
2026-05-01T03:58:39.367514Z TRACE cpal_wasapi_out audio_engine::generators::synth: [voice] 329.63 Hz: attack→decay
2026-05-01T03:58:39.396986Z DEBUG cpal_wasapi_out audio_engine::generators::synth: [voice] 329.63 Hz: decay→sustain (envelope=0.900)
2026-05-01T03:58:39.397422Z DEBUG cpal_wasapi_out audio_engine::generators::synth: [voice] 329.63 Hz: sustain→release (timer expired)
2026-05-01T03:58:39.537133Z DEBUG cpal_wasapi_out audio_engine::generators::synth: [voice] 329.63 Hz: release→finished
2026-05-01T03:58:39.615950Z TRACE cpal_wasapi_out audio_engine::generators::synth: [voice] 293.66 Hz: attack→decay
2026-05-01T03:58:39.646794Z DEBUG cpal_wasapi_out audio_engine::generators::synth: [voice] 293.66 Hz: decay→sustain (envelope=0.900)
2026-05-01T03:58:39.647252Z DEBUG cpal_wasapi_out audio_engine::generators::synth: [voice] 293.66 Hz: sustain→release (timer expired)
2026-05-01T03:58:39.786461Z DEBUG cpal_wasapi_out audio_engine::generators::synth: [voice] 293.66 Hz: release→finished
2026-05-01T03:58:39.867647Z TRACE cpal_wasapi_out audio_engine::generators::synth: [voice] 261.63 Hz: attack→decay
2026-05-01T03:58:39.899766Z DEBUG cpal_wasapi_out audio_engine::generators::synth: [voice] 261.63 Hz: decay→sustain (envelope=0.900)
2026-05-01T03:58:39.900207Z DEBUG cpal_wasapi_out audio_engine::generators::synth: [voice] 261.63 Hz: sustain→release (timer expired)
2026-05-01T03:58:40.037006Z DEBUG cpal_wasapi_out audio_engine::generators::synth: [voice] 261.63 Hz: release→finished
2026-05-01T03:58:40.116790Z TRACE cpal_wasapi_out audio_engine::generators::synth: [voice] 246.94 Hz: attack→decay
2026-05-01T03:58:40.146106Z DEBUG cpal_wasapi_out audio_engine::generators::synth: [voice] 246.94 Hz: decay→sustain (envelope=0.900)
2026-05-01T03:58:40.146720Z DEBUG cpal_wasapi_out audio_engine::generators::synth: [voice] 246.94 Hz: sustain→release (timer expired)
2026-05-01T03:58:40.286704Z DEBUG cpal_wasapi_out audio_engine::generators::synth: [voice] 246.94 Hz: release→finished
2026-05-01T03:58:40.366035Z TRACE cpal_wasapi_out audio_engine::generators::synth: [voice] 220.00 Hz: attack→decay
2026-05-01T03:58:40.397532Z DEBUG cpal_wasapi_out audio_engine::generators::synth: [voice] 220.00 Hz: decay→sustain (envelope=0.900)
2026-05-01T03:58:40.398779Z DEBUG cpal_wasapi_out audio_engine::generators::synth: [voice] 220.00 Hz: sustain→release (timer expired)
2026-05-01T03:58:40.536467Z DEBUG cpal_wasapi_out audio_engine::generators::synth: [voice] 220.00 Hz: release→finished
2026-05-01T03:58:40.837212Z TRACE cpal_wasapi_out audio_engine::generators::synth: [voice] 196.00 Hz: attack→decay
2026-05-01T03:58:40.927113Z DEBUG cpal_wasapi_out audio_engine::generators::synth: [voice] 196.00 Hz: decay→sustain (envelope=0.900)
2026-05-01T03:58:42.026086Z DEBUG cpal_wasapi_out audio_engine::generators::synth: [voice] 196.00 Hz: sustain→release (timer expired)
2026-05-01T03:58:42.526406Z DEBUG cpal_wasapi_out audio_engine::generators::synth: [voice] 196.00 Hz: release→finished
2026-05-01T03:58:42.526665Z DEBUG cpal_wasapi_out audio_engine::generators::synth: [synth] voices: 1 → 0 (1 removed this buffer)
